<?xml version="1.0" encoding="UTF-8"?>
<!-- Generated by org.testng.reporters.JUnitXMLReporter -->
<testsuite ignored="0" hostname="NODE2104" failures="0" tests="3" name="Default test" time="58.759" errors="0" timestamp="2022-12-28T10:43:25 IST">
  <testcase classname="GSPANN.Magneto.DemoMagneto" name="OrderProduct" time="30.677"/>
  <testcase classname="GSPANN.Magneto.DemoMagneto" name="addProductToWishlist" time="18.934"/>
  <testcase classname="GSPANN.Magneto.DemoMagneto" name="createAccount" time="8.854"/>
</testsuite> <!-- Default test -->
