<?xml version="1.0" encoding="UTF-8"?>
<testng-results ignored="0" total="3" passed="3" failed="0" skipped="0">
  <reporter-output>
  </reporter-output>
  <suite started-at="2022-12-28T10:42:26 IST" name="Default suite" finished-at="2022-12-28T10:43:25 IST" duration-ms="58759">
    <groups>
    </groups>
    <test started-at="2022-12-28T10:42:26 IST" name="Default test" finished-at="2022-12-28T10:43:25 IST" duration-ms="58759">
      <class name="GSPANN.Magneto.DemoMagneto">
        <test-method is-config="true" signature="config()[pri:0, instance:GSPANN.Magneto.DemoMagneto@52719fb6]" started-at="2022-12-28T10:42:26 IST" name="config" finished-at="2022-12-28T10:42:27 IST" duration-ms="259" status="PASS">
          <reporter-output>
          </reporter-output>
        </test-method> <!-- config -->
        <test-method signature="OrderProduct()[pri:0, instance:GSPANN.Magneto.DemoMagneto@52719fb6]" started-at="2022-12-28T10:42:27 IST" name="OrderProduct" finished-at="2022-12-28T10:42:57 IST" duration-ms="30677" status="PASS">
          <reporter-output>
          </reporter-output>
        </test-method> <!-- OrderProduct -->
        <test-method signature="addProductToWishlist()[pri:0, instance:GSPANN.Magneto.DemoMagneto@52719fb6]" started-at="2022-12-28T10:42:57 IST" name="addProductToWishlist" finished-at="2022-12-28T10:43:16 IST" duration-ms="18934" status="PASS">
          <reporter-output>
          </reporter-output>
        </test-method> <!-- addProductToWishlist -->
        <test-method signature="createAccount()[pri:0, instance:GSPANN.Magneto.DemoMagneto@52719fb6]" started-at="2022-12-28T10:43:16 IST" name="createAccount" finished-at="2022-12-28T10:43:25 IST" duration-ms="8854" status="PASS">
          <reporter-output>
          </reporter-output>
        </test-method> <!-- createAccount -->
      </class> <!-- GSPANN.Magneto.DemoMagneto -->
    </test> <!-- Default test -->
  </suite> <!-- Default suite -->
</testng-results>
