<?xml version="1.0" encoding="UTF-8"?>
<testng-results ignored="0" total="1" passed="1" failed="0" skipped="0">
  <reporter-output>
  </reporter-output>
  <suite started-at="2022-12-23T10:36:15 IST" name="Surefire suite" finished-at="2022-12-23T10:36:15 IST" duration-ms="35">
    <groups>
    </groups>
    <test started-at="2022-12-23T10:36:15 IST" name="Surefire test" finished-at="2022-12-23T10:36:15 IST" duration-ms="35">
      <class name="GSPANN.Magneto.AppTest">
        <test-method signature="shouldAnswerWithTrue()[pri:0, instance:GSPANN.Magneto.AppTest@2f465398]" started-at="2022-12-23T10:36:15 IST" name="shouldAnswerWithTrue" finished-at="2022-12-23T10:36:15 IST" duration-ms="3" status="PASS">
          <reporter-output>
          </reporter-output>
        </test-method> <!-- shouldAnswerWithTrue -->
      </class> <!-- GSPANN.Magneto.AppTest -->
    </test> <!-- Surefire test -->
  </suite> <!-- Surefire suite -->
</testng-results>
